<?xml version="1.0" encoding="UTF-8"?>
<!-- Generated by org.testng.reporters.JUnitReportReporter -->
<testsuite skipped="0" hostname="DESKTOP-OSIFBDV" name="com.policybazaar.primary.Health_Insurance" tests="1" failures="0" timestamp="2021-03-03T10:17:32 IST" time="40.494" errors="0">
  <testcase name="healthInsurance" time="40.494" classname="com.policybazaar.primary.Health_Insurance"/>
  <system-out/>
</testsuite> <!-- com.policybazaar.primary.Health_Insurance -->
