<?xml version="1.0" encoding="UTF-8"?>
<!-- Generated by org.testng.reporters.JUnitReportReporter -->
<testsuite skipped="0" hostname="DESKTOP-OSIFBDV" name="com.policybazaar.primary.Travel_Insurance" tests="1" failures="0" timestamp="2021-03-03T10:17:32 IST" time="60.706" errors="0">
  <testcase name="travelInsurance" time="60.706" classname="com.policybazaar.primary.Travel_Insurance"/>
  <system-out/>
</testsuite> <!-- com.policybazaar.primary.Travel_Insurance -->
